2024-09-23T12:09:08.771724Z 0 [Warning] [MY-010097] [Server] Insecure configuration for --secure-file-priv: Current value does not restrict location of generated files. Consider setting it to a valid, non-empty path.
2024-09-23T12:09:08.774855Z 0 [Warning] [MY-010918] [Server] 'default_authentication_plugin' is deprecated and will be removed in a future release. Please use authentication_policy instead.
2024-09-23T12:09:08.775439Z 0 [System] [MY-010116] [Server] C:\laragon\bin\mysql\mysql-8.0.30-winx64\bin\mysqld (mysqld 8.0.30) starting as process 19364
2024-09-23T12:09:09.080115Z 1 [System] [MY-013576] [InnoDB] InnoDB initialization has started.
2024-09-23T12:09:10.526850Z 1 [System] [MY-013577] [InnoDB] InnoDB initialization has ended.
2024-09-23T12:09:12.922286Z 0 [Warning] [MY-013829] [Server] Missing data directory for ICU regular expressions: C:\laragon\bin\mysql\mysql-8.0.30-winx64\lib\private\.
2024-09-23T12:09:13.007958Z 0 [Warning] [MY-010068] [Server] CA certificate ca.pem is self signed.
2024-09-23T12:09:13.010745Z 0 [System] [MY-013602] [Server] Channel mysql_main configured to support TLS. Encrypted connections are now supported for this channel.
2024-09-23T12:09:13.685119Z 0 [System] [MY-011323] [Server] X Plugin ready for connections. Bind-address: '::' port: 33060
2024-09-23T12:09:13.694984Z 0 [System] [MY-010931] [Server] C:\laragon\bin\mysql\mysql-8.0.30-winx64\bin\mysqld: ready for connections. Version: '8.0.30'  socket: ''  port: 3306  MySQL Community Server - GPL.
2024-09-23T12:10:22.083108Z 0 [Warning] [MY-010097] [Server] Insecure configuration for --secure-file-priv: Current value does not restrict location of generated files. Consider setting it to a valid, non-empty path.
2024-09-23T12:10:22.086183Z 0 [Warning] [MY-010918] [Server] 'default_authentication_plugin' is deprecated and will be removed in a future release. Please use authentication_policy instead.
2024-09-23T12:10:22.086942Z 0 [System] [MY-010116] [Server] C:\laragon\bin\mysql\mysql-8.0.30-winx64\bin\mysqld (mysqld 8.0.30) starting as process 16108
2024-09-23T12:10:22.546139Z 1 [System] [MY-013576] [InnoDB] InnoDB initialization has started.
2024-09-23T12:10:22.551295Z 1 [ERROR] [MY-012271] [InnoDB] The innodb_system data file 'ibdata1' must be writable
2024-09-23T12:10:22.554003Z 1 [ERROR] [MY-012278] [InnoDB] The innodb_system data file 'ibdata1' must be writable
2024-09-23T12:10:22.565282Z 1 [ERROR] [MY-010334] [Server] Failed to initialize DD Storage Engine
2024-09-23T12:10:22.601402Z 0 [ERROR] [MY-010020] [Server] Data Dictionary initialization failed.
2024-09-23T12:10:22.603302Z 0 [ERROR] [MY-010119] [Server] Aborting
2024-09-23T12:10:22.628714Z 0 [System] [MY-010910] [Server] C:\laragon\bin\mysql\mysql-8.0.30-winx64\bin\mysqld: Shutdown complete (mysqld 8.0.30)  MySQL Community Server - GPL.
2024-09-23T12:10:49.811850Z 0 [Warning] [MY-010097] [Server] Insecure configuration for --secure-file-priv: Current value does not restrict location of generated files. Consider setting it to a valid, non-empty path.
2024-09-23T12:10:49.815809Z 0 [Warning] [MY-010918] [Server] 'default_authentication_plugin' is deprecated and will be removed in a future release. Please use authentication_policy instead.
2024-09-23T12:10:49.816375Z 0 [System] [MY-010116] [Server] C:\laragon\bin\mysql\mysql-8.0.30-winx64\bin\mysqld (mysqld 8.0.30) starting as process 7220
2024-09-23T12:10:50.265464Z 1 [System] [MY-013576] [InnoDB] InnoDB initialization has started.
2024-09-23T12:10:50.277568Z 1 [ERROR] [MY-012271] [InnoDB] The innodb_system data file 'ibdata1' must be writable
2024-09-23T12:10:50.279921Z 1 [ERROR] [MY-012278] [InnoDB] The innodb_system data file 'ibdata1' must be writable
2024-09-23T12:10:50.283162Z 1 [ERROR] [MY-010334] [Server] Failed to initialize DD Storage Engine
2024-09-23T12:10:50.287562Z 0 [ERROR] [MY-010020] [Server] Data Dictionary initialization failed.
2024-09-23T12:10:50.292100Z 0 [ERROR] [MY-010119] [Server] Aborting
2024-09-23T12:10:50.308110Z 0 [System] [MY-010910] [Server] C:\laragon\bin\mysql\mysql-8.0.30-winx64\bin\mysqld: Shutdown complete (mysqld 8.0.30)  MySQL Community Server - GPL.
2024-09-23T12:12:46.597770Z 0 [Warning] [MY-010097] [Server] Insecure configuration for --secure-file-priv: Current value does not restrict location of generated files. Consider setting it to a valid, non-empty path.
2024-09-23T12:12:46.600677Z 0 [Warning] [MY-010918] [Server] 'default_authentication_plugin' is deprecated and will be removed in a future release. Please use authentication_policy instead.
2024-09-23T12:12:46.601170Z 0 [System] [MY-010116] [Server] C:\laragon\bin\mysql\mysql-8.0.30-winx64\bin\mysqld (mysqld 8.0.30) starting as process 3892
2024-09-23T12:12:46.893044Z 1 [System] [MY-013576] [InnoDB] InnoDB initialization has started.
2024-09-23T12:12:46.899046Z 1 [ERROR] [MY-012271] [InnoDB] The innodb_system data file 'ibdata1' must be writable
2024-09-23T12:12:46.900530Z 1 [ERROR] [MY-012278] [InnoDB] The innodb_system data file 'ibdata1' must be writable
2024-09-23T12:12:46.903384Z 1 [ERROR] [MY-010334] [Server] Failed to initialize DD Storage Engine
2024-09-23T12:12:46.907151Z 0 [ERROR] [MY-010020] [Server] Data Dictionary initialization failed.
2024-09-23T12:12:46.908760Z 0 [ERROR] [MY-010119] [Server] Aborting
2024-09-23T12:12:46.927457Z 0 [System] [MY-010910] [Server] C:\laragon\bin\mysql\mysql-8.0.30-winx64\bin\mysqld: Shutdown complete (mysqld 8.0.30)  MySQL Community Server - GPL.
2024-09-23T12:12:58.828813Z 8 [System] [MY-013172] [Server] Received SHUTDOWN from user root. Shutting down mysqld (Version: 8.0.30).
2024-09-23T12:12:58.833441Z 0 [System] [MY-013105] [Server] C:\laragon\bin\mysql\mysql-8.0.30-winx64\bin\mysqld: Normal shutdown.
2024-09-23T12:12:59.779711Z 0 [System] [MY-010910] [Server] C:\laragon\bin\mysql\mysql-8.0.30-winx64\bin\mysqld: Shutdown complete (mysqld 8.0.30)  MySQL Community Server - GPL.
2024-09-23T12:17:18.605944Z 0 [Warning] [MY-010097] [Server] Insecure configuration for --secure-file-priv: Current value does not restrict location of generated files. Consider setting it to a valid, non-empty path.
2024-09-23T12:17:18.609330Z 0 [Warning] [MY-010918] [Server] 'default_authentication_plugin' is deprecated and will be removed in a future release. Please use authentication_policy instead.
2024-09-23T12:17:18.609842Z 0 [System] [MY-010116] [Server] C:\laragon\bin\mysql\mysql-8.0.30-winx64\bin\mysqld (mysqld 8.0.30) starting as process 15724
2024-09-23T12:17:19.231945Z 1 [System] [MY-013576] [InnoDB] InnoDB initialization has started.
2024-09-23T12:17:20.833769Z 1 [System] [MY-013577] [InnoDB] InnoDB initialization has ended.
2024-09-23T12:17:22.920200Z 0 [Warning] [MY-013829] [Server] Missing data directory for ICU regular expressions: C:\laragon\bin\mysql\mysql-8.0.30-winx64\lib\private\.
2024-09-23T12:17:22.983930Z 0 [Warning] [MY-010068] [Server] CA certificate ca.pem is self signed.
2024-09-23T12:17:22.986347Z 0 [System] [MY-013602] [Server] Channel mysql_main configured to support TLS. Encrypted connections are now supported for this channel.
2024-09-23T12:17:23.745059Z 0 [System] [MY-011323] [Server] X Plugin ready for connections. Bind-address: '::' port: 33060
2024-09-23T12:17:23.749263Z 0 [System] [MY-010931] [Server] C:\laragon\bin\mysql\mysql-8.0.30-winx64\bin\mysqld: ready for connections. Version: '8.0.30'  socket: ''  port: 3306  MySQL Community Server - GPL.
2024-09-23T12:25:20.647224Z 31 [System] [MY-013172] [Server] Received SHUTDOWN from user root. Shutting down mysqld (Version: 8.0.30).
2024-09-23T12:25:20.662530Z 0 [System] [MY-013105] [Server] C:\laragon\bin\mysql\mysql-8.0.30-winx64\bin\mysqld: Normal shutdown.
2024-09-23T12:25:22.048175Z 0 [System] [MY-010910] [Server] C:\laragon\bin\mysql\mysql-8.0.30-winx64\bin\mysqld: Shutdown complete (mysqld 8.0.30)  MySQL Community Server - GPL.
2024-09-23T12:25:58.513991Z 0 [Warning] [MY-010097] [Server] Insecure configuration for --secure-file-priv: Current value does not restrict location of generated files. Consider setting it to a valid, non-empty path.
2024-09-23T12:25:58.517973Z 0 [Warning] [MY-010918] [Server] 'default_authentication_plugin' is deprecated and will be removed in a future release. Please use authentication_policy instead.
2024-09-23T12:25:58.518983Z 0 [System] [MY-010116] [Server] C:\laragon\bin\mysql\mysql-8.0.30-winx64\bin\mysqld (mysqld 8.0.30) starting as process 6664
2024-09-23T12:25:59.070581Z 1 [System] [MY-013576] [InnoDB] InnoDB initialization has started.
2024-09-23T12:26:01.038009Z 1 [System] [MY-013577] [InnoDB] InnoDB initialization has ended.
2024-09-23T12:26:02.870524Z 0 [Warning] [MY-013829] [Server] Missing data directory for ICU regular expressions: C:\laragon\bin\mysql\mysql-8.0.30-winx64\lib\private\.
2024-09-23T12:26:02.927343Z 0 [Warning] [MY-010068] [Server] CA certificate ca.pem is self signed.
2024-09-23T12:26:02.929307Z 0 [System] [MY-013602] [Server] Channel mysql_main configured to support TLS. Encrypted connections are now supported for this channel.
2024-09-23T12:26:03.450802Z 0 [System] [MY-011323] [Server] X Plugin ready for connections. Bind-address: '::' port: 33060
2024-09-23T12:26:03.456417Z 0 [System] [MY-010931] [Server] C:\laragon\bin\mysql\mysql-8.0.30-winx64\bin\mysqld: ready for connections. Version: '8.0.30'  socket: ''  port: 3306  MySQL Community Server - GPL.
2024-09-23T12:26:33.493679Z 9 [System] [MY-013172] [Server] Received SHUTDOWN from user root. Shutting down mysqld (Version: 8.0.30).
2024-09-23T12:26:33.495637Z 0 [System] [MY-013105] [Server] C:\laragon\bin\mysql\mysql-8.0.30-winx64\bin\mysqld: Normal shutdown.
2024-09-23T12:26:34.609340Z 0 [System] [MY-010910] [Server] C:\laragon\bin\mysql\mysql-8.0.30-winx64\bin\mysqld: Shutdown complete (mysqld 8.0.30)  MySQL Community Server - GPL.
2024-09-23T12:27:07.565297Z 0 [Warning] [MY-010097] [Server] Insecure configuration for --secure-file-priv: Current value does not restrict location of generated files. Consider setting it to a valid, non-empty path.
2024-09-23T12:27:07.568904Z 0 [Warning] [MY-010918] [Server] 'default_authentication_plugin' is deprecated and will be removed in a future release. Please use authentication_policy instead.
2024-09-23T12:27:07.569399Z 0 [System] [MY-010116] [Server] C:\laragon\bin\mysql\mysql-8.0.30-winx64\bin\mysqld (mysqld 8.0.30) starting as process 9860
2024-09-23T12:27:07.971170Z 1 [System] [MY-013576] [InnoDB] InnoDB initialization has started.
2024-09-23T12:27:09.385091Z 1 [System] [MY-013577] [InnoDB] InnoDB initialization has ended.
2024-09-23T12:27:11.310160Z 0 [Warning] [MY-013829] [Server] Missing data directory for ICU regular expressions: C:\laragon\bin\mysql\mysql-8.0.30-winx64\lib\private\.
2024-09-23T12:27:11.384868Z 0 [Warning] [MY-010068] [Server] CA certificate ca.pem is self signed.
2024-09-23T12:27:11.387415Z 0 [System] [MY-013602] [Server] Channel mysql_main configured to support TLS. Encrypted connections are now supported for this channel.
2024-09-23T12:27:11.822094Z 0 [System] [MY-011323] [Server] X Plugin ready for connections. Bind-address: '::' port: 33060
2024-09-23T12:27:11.822908Z 0 [System] [MY-010931] [Server] C:\laragon\bin\mysql\mysql-8.0.30-winx64\bin\mysqld: ready for connections. Version: '8.0.30'  socket: ''  port: 3306  MySQL Community Server - GPL.
2024-09-23T12:33:59.115095Z 0 [Warning] [MY-010097] [Server] Insecure configuration for --secure-file-priv: Current value does not restrict location of generated files. Consider setting it to a valid, non-empty path.
2024-09-23T12:33:59.115427Z 0 [Warning] [MY-010918] [Server] 'default_authentication_plugin' is deprecated and will be removed in a future release. Please use authentication_policy instead.
2024-09-23T12:33:59.115978Z 0 [System] [MY-010116] [Server] C:\laragon\bin\mysql\mysql-8.0.30-winx64\bin\mysqld (mysqld 8.0.30) starting as process 13132
2024-09-23T12:33:59.281699Z 1 [System] [MY-013576] [InnoDB] InnoDB initialization has started.
2024-09-23T12:33:59.286026Z 1 [ERROR] [MY-012271] [InnoDB] The innodb_system data file 'ibdata1' must be writable
2024-09-23T12:33:59.288077Z 1 [ERROR] [MY-012278] [InnoDB] The innodb_system data file 'ibdata1' must be writable
2024-09-23T12:33:59.291067Z 1 [ERROR] [MY-010334] [Server] Failed to initialize DD Storage Engine
2024-09-23T12:33:59.294187Z 0 [ERROR] [MY-010020] [Server] Data Dictionary initialization failed.
2024-09-23T12:33:59.295331Z 0 [ERROR] [MY-010119] [Server] Aborting
2024-09-23T12:33:59.307520Z 0 [System] [MY-010910] [Server] C:\laragon\bin\mysql\mysql-8.0.30-winx64\bin\mysqld: Shutdown complete (mysqld 8.0.30)  MySQL Community Server - GPL.
